135947
187464
114390
211165
427047
213468
115122
112123
373816
153651
121204
198767
149601
267319
208633
366973
365096
153828
231136
473731
374376
111080
139634
202567
167474
307832
224137
238843
462842
207701
728259
940838
379865
333624
245849
668038
302644
361313
655340
390645
216544
362506
294787
580518
247930
271560
478038
870190
606034
692402
260471
407985
371661
355789
865849
1244963
893354
850812
735826
1127259
683011
1107049
328774
394753
726243
555061
497125
529678
369289
509108
404650
653141
881096
371330
368098
524722
987531
393451
370734
757830
412398
371469
590500
530236
315016
953238
907442
433962
375687
570011
1703652
382653
1305255
473385
539715
928274
442762
451305
1132176
1040695
1466028
1049592
1459741
1514508
1371533
812941
1261149
837492
461001
818808
1108742
594186
863169
1498191
1671119
1414109
867394
506072
440193
1636595
1320440
2073344
1455768
1169119
1347819
729695
475329
1405453
1431758
1444834
689523
991920
644181
2500901
1809190
494589
2226475
2644442
1876013
1971667
1072323
966627
598910
2779195
883004
2031319
926788
735270
1603184
2433555
2574138
1442360
3075013
2519996
2319138
1903423
2650745
1358075
1373655
385193
1965113
747961
1314567
1450113
2139725
1411717
1167843
1150762
1488921
1239385
1329905
1834652
2627591
2541145
2478720
2583228
2273835
1714435
1224394
824320
3182700
819625
3444710
1865087
1474675
1186490
3266810
1587898
1989767
2804903
3071130
711503
2282868
1550994
1212610
919323
1334818
930285
2819371
1842365
1497037
1714896
1625755
927785
3269225
2629401
843099
3347156
1875972
1278144
1767209
943391
2085293
1294658
1635549
891760
2097660
1197737
1102076
1704195
1739469
4822444
1396341
1201794
2397991
1054214
3174142
1899556
1092282
2027892
4081818
3180068
3161194
3257111
1750840
2961358
1453366
3672283
2272519
1570950
1883681
2057180
3404346
4961436
1752594
3282175
1851215
1898404
3322212
4393564
947164
3462017
2151794
1810824
3330151
3311104
2211421
2227331
1609923
1746871
1524426
4143521
3013724
1141540
2812946
2261845
2699168
1613928
5227840
5013926
3047490
2419736
1282710
2888613
1843663
2018740
1784659
1480813
1547833
4752776
1785128
4181484
3648183
1630287
2185740
2403199
940478
2140573
5190232
3361444
2650861
1306150
3819839
550921
2061254
1750925
1456778
4862457
3395096
2749236
4963019
2416953
1856955
1713444
4670001
4607163
2174173
4423122
1469576
1941135
4709604
1430028
2666406
1554717
3445239
5575067
1647389
1931741
2971912
4459430
2368991
2294020
5825393
1240835
3453629
2581796
1972699
3137991
2386855
3314474
1423598
3787046
2373050
2356001
2416534
2569557
1658247
3295083
2076870
4915186
5287857
1923914
3664191
3302887
2873653
2445794
1489570
1065790
4493842
1566692
6705658
1522603
2718407
4477346
2173880
4263031
3094856
1626837
3012715
6895671
6348671
5870715
4959858
2887566
1839340
1441564
2680440
5740503
2896357
2514301
5729273
5045896
1173388
2889494
4493581
3472908
6683840
2607137
2480971
3748606
2630130
2348576
2222920
7218089
4100729
2875423
5679068
2193048
2252063
6067350
5375277
2456041
2971244
4283227
1521693
2117683
2932753
5144086
2972962
5473605
3513398
6300006
2623528
2860913
6010761
4092049
1965320
4147904
2647039
2236012
2901777
2291107
3930474
3364118
5737011
2800407
3779098
3598525
2866910
2082813
1899118
7104024
2856443
6137373
2687406
4203130
2960671
2568821
1818070
6435931
2294682
1811471
5163757
4818996
3083993
2833742
4995677
2237798
8143396
1690226
2348810
3842898
8735201
2200857
7004210
2391780
6433292
1713672
4074375
3798757
8297025
4457135
4380295
4947995
2955690
1667052
4400270
6145693
5701987
4675259
6858175
2809316
3018465
7935324
3871611
6033732
6277195
3304126
2675082
6002033
2390145
2470560
3974760
7676078
4434482
2787029
4567024
4260312
3127094
6738426
4029073
2756138
4623973
2967922
3592271
5368773
3845462
6545020
9393425
3474192
3661191
7111319
5510004
6013753
4090527
1477709
6073145
3141638
2110318
672712
3775233
3080737
2613190
5485548
1949878
5626337
1993565
3936514
4456798
7330113
3476582
6221113
2771437
3363812
2394443
3563623
3675129
8879828
8183490
5725216
9158510
6017402
3301115
6376749
8430282
9448846
9194998
4392514
5401716
3109259
3081888
4645975
6568206
8977985
3152929
4379591
2379211
6312997
4322994
6796538
4553901
9727313
2691027
8252217
2829266
4154221
3879026
4286107
4204832
2928396
10920770
4438545
5685816
7113150
3312419
6111280
4289930
2848543
3210856
7265168
8029916
7004792
3264974
5576056
5847767
8000286
6223986
5449218
3043046
3360017
4515780
3504380
3668167
10103374
4223134
4240848
8414341
6071803
6240545
2541427
5867219
3529035
4528567
6054704
4614062
7197061
6778405
7223960
3777137
3503052
4240124
8585146
5378381
3284082
6570499
8909746
4103588
4640632
4678374
8972563
9131072
11776572
3927569
5296821
5546901
3754989
3623189
6750186
5429431
4350377
3855573
2286823
3512642
4969672
10431173
7233525
9979651
5102671
3097911
4885033
3038133
3451952
7772565
7982782
3286089
4488875
8320932
8119063
5950968
3450960
7046234
3731430
8521285
3582076
9770598
11607236
8982586
4028521
4758419
6804291
11585369
5522521
11132495
4461024
3326476
4230575
11580731
9565782
2940868
7577098
4817062
12555300
6567958
3213638
4108826
5794235
3058730
3300935
5988978
4200302
7186906
5060680
10806694
4293046
9836805
2579600
4887213
5350393
2899983
11267813
3184169
13322886
5763397
3974999
5557189
4539838
7138674
13654248
4570995
6993368
5925631
7753618
7186565
9428394
6119140
5387858
5075464
13424768
4558280
10896205
5096678
7359690
7695034
6058529
11232957
7468374
7890698
7122711
7815826
13822240
3504572
6114757
11815815
8856598
2391785
6507917
1649569
13636874
4798844
6233898
12652774
5483293
11848500
13782963
11569958
11482369
10857868
3079443
3226326
6219587
5046511
5849491
13495800
8402731
1796225
6277356
11169884
11140196
10065904
13889382
11587076
12687198
6743131
12248330
12385427
11429418
6204271
4976016
4384099
9753444
6488523
8554438
6717364
9203320
3712361
11590465
6670121
2627384
6797099
7815660
3315453
14361645
11864421
4155958
8619130
3103455
9104066
5800315
8203432
4675540
13859907
4665303
8443478
4698550
10838471
2923414
5197555
3092155
8204628
4127877
2437133
4644361
10103430
6219639
4156835
5715899
9651131
6542222
4724646
8342760
9113585
3267673
13612294
1486447
4670437
9231316
5297823
6338510
9129228
10039514
12575912
2652553
13823720
7742021
10499814
8216847
4402628
3251263
14173946
4328639
8928921
6013009
12681426
4635286
8823490
6476857
5917614
5445209
5389007
8138715
9933673
4587314
5880159
9467691
13972867
9455110
4775796
8077762
15619992
12628897
5483984
4873401
7388005
2027609
5223111
9985309
14620992
12895786
6112513
6759663
10342032
5470997
11784422
7543134
14943026
3337295
14567379
4584268
11542934
13478734
6735703
9706164
3737326
5037493
4048183
3168603
8051467
9670720
8811508
7811227
6977969
12078229
9278696
6213149
11058693
7961440
4819305
13887408
6111614
6465366
10554652
8174487
6721352
3949713
10999197
15238077
6533615
7964147
5915450
7360682
3060685
10084068
8774621
6156832
5274869
4319875
14301406
8904633
5782645
12904427
4063615
8827435
6252253
10180659
8360531
4461033
6209598
10957270
4500408
7115200
10696624
6625766
5688719
9417736
7978414
5025768
7542705
4220654
7897560
7861532
6155416
15003525
11412115
5963327
14056363
6183588
4530720
10587253
7762363
9203843
13287311
6055075
7308415
11097463
10834851
14090837
13452589
5595578
8113875
8302310
12805504
14335557
6392900
9016205
7517200
15450635
5090955
10756574
6600157
15024175
5579655
12151544
12861660
14186860
6424762
9935530
5541077
15250233
3607971
8503387
4339703
5363115
10088676
6572487
11019770
5050348
7131419
6936478
13456827
5033586
4958966
7190461
6459049
10107273
9838041
3608636
10291957
15862903
14240899
5726911
16683749
11796256
9506390
7384758
5363694
13553923
7185361
13319858
7950918
6592226
15881428
7400085
6652275
7268788
5761739
17566444
5540479
13848029
10098512
5611814
16983611
5973191
7285786
6537887
8977092
17896885
6693669
11447625
16932166
5796827
9121611
10317135
10480822
8130037
7947882
17882667
17241476
16033228
10232725
14205204
5793836
11130888
12687811
2900256
15635398
19163174
11209827
10345939
16693155
10596203
4205169
8358605
8841810
17009362
6857236
9548226
10346914
10651188
7287125
10143941
10349043
6510966
10436808
8527236
3631853
6465335
7707048
16074035
4677910
7778369
6872566
8518935
14433207
6113187
8619818
7541368
7451157
10568671
11661258
12322272
8622645
4147500
7682585
9664581
12004839
5481402
6985287
11374388
5685233
18750500
7268048
6175331
13925778
19353938
5771712
7334309
7187873
17266090
17733756
18380875
5408953
3888169
9276630
12144297
13170850
6356046
15300831
4864137
5643323
7365425
6252060
16479666
16153612
3717138
11223510
4702555
8185346
20277187
6386437
20406710
9947304
7502136
9726707
16850351
6076941
13738478
9781517
7807488
16193212
12404961
11873295
14200181
20363675
12832684
15772568
13755707
13318828
12420630
11242930
4022278
14889611
5666900
9832320
12408325
10728014
12329210
3955967
12266886
19874241
6647179
17361853
12272652
14371561
8403677
5251400
16611500
14330559
11335016
6373181
16807379
9537339
21025619
4772046
6438636
4420643
7589954
4781364
13141635
12640851
20970732
6853675
6391696
12544004
10172779
5385426
9324286
11668084
17284225
8210179
10548386
19909665
6235593
17123672
21247213
7311696
7090907
11291701
10699055
19591342
12166084
10237877
20370418
7249229
14806339
6550732
8687676
7483459
5865232
7028061
6783450
5858567
6858752
11060587
14498245
11769936
8327120
15978289
7036793
10913461
6232005
8331249
8028724
17263647
9570727
5977049
21289767
12343140
8925720
11143606
16640270
8673184
16039440
6855585
10604413
9510663
6216352
11752612
19474279
19573040
6844826
4543863
7487263
17170093
18209506
7215910
16559077
12820109
16007381
6948921
8349365
5614763
11520687
14908297
8658202
16791483
21693830
8467111
12192359
5835395
8493234
6609099
6079804
12442144
8670049
15150842
17712047
5529436
9791424
9254952
11255172
6614695
5175972
4464172
13365325
10614396
13136915
6343433
7313720
11574200
10581226
13050974
7178099
8504619
6709127
7218128
6736258
4492688
11713771
18409509
6793436
12675209
8156209
8879586
9084719
11481905
13038293
6127054
13788297
15271402
20601259
15433200
7390123
8700021
7826777
4618663
9912997
19145883
6778941
11990228
14407942
4383891
18393693
11861318
11524210
19132878
15291337
23462130
6403010
4967873
12951701
11718238
10143480
7605002
4249761
4839335
16247583
7876520
13497763
7551293
5533863
16331253
9520655
5969265
17961176
10070941
8068784
14074582
20041438
5513529
7770450
7439424
6026310
11083788
11959114
6969489
6934059
13296083
7056721
7526185
17768007
4644325
6006740
7887440
7244118
7219907
15436041
18939817
9123570
18868651
15890485
14527472
11770086
9349542
7595678
18312160
10948206
12023299
3543774
22853030
18018615
20623977
23492843
4929861
7523761
9328340
16279286
4175529
8980712
13637723
15521202
21635396
4772134
17487191
11656028
5173770
4836339
9195627
17012760
15433427
4025359
10034437
8242074
23513439
18808732
8866441
12120680
14464457
16586424
17121557
6652035
7166092
16340968
8227227
8161720
10098973
6548464
10569184
14614738
5250882
20403679
8086545
8402760
17862067
10436076
17149727
19789714
23417177
10852427
13472002
10359845
11944434
9286343
16354089
14350535
5719656
9277271
22295221
9957135
11212024
7856948
23571712
11089685
6826893
12512829
20837713
24070465
7352321
5986556
21582405
8181003
6325836
19335183
12188560
6149368
25175530
22631832
11344337
19564602
4935456
6051734
13242292
9120319
22221969
26529215
12492531
15142886
6715530
14816515
13893535
6563920
8670652
23379612
10633324
14948749
21838474
18219604
8454391
10544467
10463927
18839593
21406715
11639101
13292071
17595866
15007461
10113305
16193713
8464789
9787427
10202558
9177712
8593418
21106646
20460693
6110495
18182370
13432606
22711012
14087667
7757556
24804209
14336869
10412359
7435679
6846903
24006779
11013649
10314632
9301158
8757666
10251536
9580762
16228010
15524785
12185428
7694172
23465109
13147093
22824110
15323452
21260908
20188781
11362269
5106845
12739798
21853737
8592774
17390690
16308703
9134566
5721899
18778509
18672953
5987222
14597995
21932510
8305901
10463229
9040962
10639784
15190540
26755154
19555941
25081616
13573238
15532100
26779620
12350041
8328949
26183742
7349339
7949535
9069420
18240995
6532507
23093067
15430611
10626337
15148853
25527738
16211508
22792212
5987929
10314030
18107142
27124333
5578293
19099428
8659579
13511896
19694860
16851596
9090200
8868224
19623443
7901994
23982460
21896178
6379172
10191763
14370528
11791801
8075352
10098671
16181835
17840409
19730597
11735799
17538201
11293858
10054836
9973866
23736715
7915652
14840072
17909097
12671221
21277967
21548276
29099728
5967063
18120665
19101688
10271159
5518774
18044248
11254244
9851620
16155729
9868190
15277009
9249008
26290232
14473946
4514630
8433536
16676194
23984103
12449827
13817954
13164895
8622914
5903725
19172731
27481379
6246325
23931646
18465548
8872097
10495863
30489090
23521737
14680238
21097185
28879286
11307738
12186568
9149572
21273741
23738370
20702854
10456178
11192929
13843436
13762573
20860499
11316339
8566870
22464650
8421225
14368104
12913336
29316765
23301354
7395889
13437254
26044628
23519760
9154126
20608521
17639298
12177781
10013622
18275660
10263581
7452836
14006484
20377956
10918791
13114915
19506155
6435153
11885912
16934070
24288198
16995268
10295887
7253657
8132519
16099298
10634008
7885446
9276108
13684183
6896719
17828426
12196461
11063838
16489658
7176412
29420283
7429606
10696787
13708116
13701697
6429149
13302097
10978146
18512508
7078610
30645755
14915589
18406771
15391993
20045944
15946031
28715610
11926463
20684324
16396703
11965731
14323806
6910785
29628063
7721371
27355725
8037988
18817539
19276161
8370251
18298779
9802129
16502177
28491755
19310195
26225241
7034249
14185848
10573160
26243583
13516960
7002996
9033723
30246976
7468597
23322646
10484567
27935593
12306132
18890201
9870386
27347943
28859040
28139172
12023022
3888695
10436035
10967356
24740101
6516940
20175186
11442663
23642585
12065549
12081486
26498998
20570761
16469540
32343322
19259889
22351143
26441141
10288408
15166774
30218186
7828869
8434608
12209372
5133767
21417985
7533689
16619109
18664365
26744031
19701400
11907641
12055063
15435571
28845242
9268069
11303533
30092618
7649132
14231606
6934514
10855078
9341370
15606229
7868228
19168422
28902565
25408886
12774225
12384209
7341470
24558800
5349431
11841109
20017382
19516070
4614110
4692645
18087024
13260419
10936580
15427410
13522606
26532468
17353967
13273679
21646221
15688434
15112455
19719887
9385165
25600343
12931430
26547408
16153019
18449714
33063873
24421189
23241925
29742385
15520532
23479554
14998600
7239156
6665267
27733057
13237647
11096256
15418321
17447006
7683974
33554175
16518687
32739709
6809539
11187407
22449666
28124851
30913189
8792784
26133793
27251194
12824807
8228280
7771344
16856710
10636761
7262164
10163343
27569003
12507918
6473743
14316852
30457847
22331321
16020058
33626813
33061094
20848388
6546253
27539098
24355199
22095630
33710561
29182865
26850979
6656135
15405287
7084737
26987582
17037710
24658853
21438042
26071162
11487640
21057840
3229775
15258816
15424049
13232919
18804974
31184706
16200151
9255583
11001868
4241574
14806228
23576352
12342596
11286076
12661703
12270813
18494493
7193650
32508923
11488222
11263269
24204675
21780686
16861679
9415884
28992517
27772146
15619458
14885289
25996141
33885811
23215512
31926610
24957138
32621158
11491660
32006072
10064002
31291458
10442212
13296826
16120071
9214153
8878835
6956222
25410301
7000247
9531119
34606949
25277485
11463219
9001740
34876811
18676368
20409907
28780464
12965119
24189475
10234874
37177270
24129917
31899515
22027566
27924647
27699956
6933932
23775800
8114652
10130174
21143756
13215580
7429200
12496245
6828300
26704477
25495693
7442868
29148861
31596775
18932877
25749849
8225500
16030729
9973579
16083449
25847518
21245471
8041810
11116142
21743582
11825679
31752776
18474094
18471161
16236097
14916091
18119944
25255061
13570050
34421655
29668776
14850208
30991682
15577553
17174137
22681766
11916066
15872117
18011766
13497193
18011612
13706945
25844583
28438821
14101958
11363894
14495668
13368667
16509039
13768957
20606245
12683619
4132292
12418866
27907435
15281408
13191034
10474036
9480881
34035326
31279421
29818545
13093492
17910649
19293047
14444426
8086107
21351880
19088003
11888897
17978541
29970239
32424589
26366734
11640270
15633915
20263570
17802073
19385324
17246769
20490786
18482184
10564139
28719413
5197104
21576233
15854229
14854519
12323408
35949444
16039451
13155579
38907556
24229742
17397840
15710929
23367866
13244099
36392188
9080053
9864265
20094287
26226591
8032029
28164690
16748683
19337427
16323408
7234876
25382162
9728365
23823557
26131474
28348586
16466194
23248372
16708697
13732397
27015018
13224938
22864714
36901338
14405703
18458675
19253916
9057308
19873471
37484041
21780387
33197871
38337230
20568688
28196633
19360158
34243872
13889030
13626601
13492404
8392361
24927032
7932772
19272057
12031150
18937238
13224966
12846777
19159192
15055422
21697818
18733765
15489927
14370219
8861467
12419454
13577250
17609476
36862314
24885959
11837466
19529400
12878119
20292592
14398617
15635139
20990491
25967189
16862555
28804620
16688556
9783901
14884259
35851768
16399197
18305249
14882787
13268529
5986423
12759358
17680421
32306217
13886795
30409739
23468399
12463949
17006759
15849996
25988156
20136308
25000391
15225757
13416158
13983150
8485058
12612251
39635195
10542586
41057084
7551873
16544629
17295519
30734818
7635168
12553950
33813787
24079338
26900501
15687497
28529592
22657101
12962684
23825763
23610875
31518777
26147943
28334671
25680491
23722133
40393096
11938221
16744857
34837311
16457275
12784458
28341377
25865833
10465560
11497442
8872866
30085744
4600999
33198453
17588998
34137906
25227711
24322735
21395936
13056242
13989818
19446818
34816535
22476029
23696497
29074696
36342325
14089011
9240154
18916607
12300112
18183018
23375931
19507946
19150934
12507124
11673250
23514136
20213157
14204106
14842507
22028511
21009382
20873315
26686618
20879254
14309168
17944162
6171917
11521418
13279422
9940277
18568271
11283031
33910608
27441658
30245469
26087940
28622025
9437597
14621471
11045405
32148943
11349710
35793037
32953027
19737188
14136510
22260987
21171443
18477698
35727362
13017196
34168221
28804537
16702135
11177453
19185469
27327025
23427661
11451274
17329243
14725827
35807974
18366033
34793207
32180309
14042714
9558681
20033505
37926918
39600530
10735013
11999831
15931459
18620813
35627028
36149598
36351291
40375890
13672130
35069890
17834941
17565710
11763356
23148535
20702835
21347054
23887520
36348976
21090501
19569189
17424562
17999931
27606652
18185908
18396710
19499210
37353726
27541731
32865637
17643956
15854495
33621577
9360229
16042162
16660861
11744367
19784888
22478946
15556135
30436436
20023358
16227418
17638755
23260972
16589800
40884493
18932519
37776711
27447360
15720124
10204335
28252622
19384644
21475216
17572463
30003181
36112640
41952395
21774782
35597979
36537713
26957513
36065302
10315946
41600584
15964688
9492348
24531298
11039723
13175037
14700965
20070067
10368847
34156544
4142717
15236448
27601602
5562430
31891353
5425111
8356749
15320139
14201251
13301834
18726591
20523921
29402878
14803976
25913754
18297992
23479956
15678962
9108150
16307006
11342571
15190552
33623032
11798271
16543340
21421054
13003747
14722298
14713699
10781816
13032983
16831147
20780503
13266922
16707568
21746323
21040959
27394926
44742865
32244614
28656285
39404615
30060325
28588530
13105850
6905800
32300079
40123983
35210607
34603970
22484790
15875202
38491136
11354057
40372941
25428619
14856238
37267388
18045562
15441677
25797233
13187506
17764990
16589406
32980692
23999057
26976734
40974664
37221776
10244322
14789367
34285512
11213324
13559838
20311098
15955904
14776554
26482542
17978082
21785259
38396193
36352736
33624809
12935533
18155008
36469272
21146756
11364126
21201544
11925221
13723321
20539660
20481968
25686782
37433315
43274815
13127292
21549450
13434845
38833016
12148249
30521348
10895900
43433616
17360516
10750603
22579271
26331987
7857741
32491942
40970539
31071899
34937325
31532908
30582734
13500267
15423572
27541857
21422023
21595264
9141663
16316093
22885513
16980251
23899739
18510786
9631579
13278154
24117811
18812685
17302558
29818148
21868620
25123180
21195348
12129762
17310884
35959990
16695647
23655031
26189053
18452918
44696297
7518935
12512356
16386552
33291884
40482452
23411894
30136430
24106395
12350162
16541601
18276604
45716733
16239055
20515755
46561985
16814363
15242956
21884271
25447499
10076809
19219512
16208017
15707276
40463766
14934546
22657808
22223891
11294936
26381627
12999020
20219614
22776147
43839733
41877120
16181173
13218538
29586164
33479200
12502439
18061805
20510973
11165158
30995466
13607024
24823722
20599277
8045035
44896046
39060223
20840269
22941368
14766337
13154936
15420510
35336014
20239422
18905523
9728892
32369050
16416387
17548934
14926352
42390034
44204398
35392442
16592581
13205287
20554435
9359403
27785502
34094401
27103930
44395091
23321017
36815215
18151499
34595530
37398243
9517449
16693012
45453251
9564516
43507853
31374266
37529254
26434538
15361028
11008559
27902428
14744194
13021699
44120775
14904364
34068752
41740700
32923615
6072294
25912403
33621362
37112291
28484501
30272772
27130359
39278511
45339468
18955733
20917866
24640139
14896062
24178746
22992910
12562583
12599106
27469443
39945120
28785377
13732321
28417009
20570173
15837712
27379799
12567385
36037423
13962993
14971634
43705540
18883390
12582771
27790824
46905489
39733526
14108279
12670804
14824104
18762587
34579024
22473862
11899987
15311210
12224348
21963121
14087118
41929454
48549623
10313161
19709392
27249216
19060273
38664006
22584835
15966224
23053677
24550539
18164606
16848150
41326437
35714438
16160008
34530064
50478150
9373197
18798984
20665628
27343770
15525024
28738895
17607634
16113782
11314272
13374236
22794940
14393025
20264759
26535194
32209559
23388809
10887856
21315347
44099022
21371880
16065215
19621468
25456377
27106774
13792117
17186981
10885605
14004243
46869026
26348517
40955903
44974993
14793804
25215479
16968852
35857912
26962610
24593215
11357044
34784056
38739850
26450473
11191416
20285932
15867007
11022112
10851275
30216507
24281969
39670960
29808793
15951845
13639736
13334439
30686579
35028194
17937913
21550003
22903592
40961247
15875228
11631281
31300486
39309991
37210686
13947172
39185211
20093172
27396382
38807767
36351356
48722019
19223496
28418812
31538519
15896732
44297754
16124963
31982154
37012093
27322780
39780869
39565733
38331665
14768323
12613297
14873434
35620152
32312950
25735845
41348843
27833911
30605985
17903163
15237244
42185578
37263981
36827612
18585336
42012238
29916249
41749843
13718666
20495139
35990696
13323251
19812906
46307898
16470840
12015453
15883654
41612838
25294459
13944964
15258395
50373851
18295889
18905108
10502218
20201352
28927614
12659502
37221902
16719101
24713763
18765082
14753024
15902436
37073208
52479454
22287902
22988705
31327930
37186857
25165137
17337340
17420502
40629842
17634810
15593265
30768221
36118030
22866985
15147790
42829971
13514623
23073901
18060046
41471224
13225745
21768626
35619898
16131471
20433405
31557971
22258472
16776216
25902230
45370099
19942174
24893919
29227815
14847751
6233626
52173118
36945682
14833980
44166077
36322499
14387562
39168441
26729590
41534253
50027134
41503962
24261149
50919474
22713469
18425002
41798699
45343157
17991000
18512042
26743103
18336901
36399555
26925768
14856084
19631158
40670440
34340171
10785100
46689573
19610112
23497485
28206768
30597280
23827858
45849664
50480270
13600880
22237340
26056915
19341283
21834941
42490859
21796718
38874720
28755854
24094697
11747758
29585702
53426476
14407463
22517325
17730713
28339872
29728348
53367954
29911511
10277371
29994662
9053539
13169587
37804628
31537180
21492727
26142341
27517618
25447512
22722490
33832294
16947429
14604009
20268688
13600552
18371911
53079999
13583461
25612889
48538363
30228152
47918111
48940441
23706683
10424712
16552321
15309953
17567720
20937415
15542417
32170366
38287856
54730162
49705346
21911615
22658033
14493534
21331783
47810972
15482507
27108527
10354720
35947425
24877513
37835881
21556292
25540755
22646931
22750877
24109545
28745742
41082027
24952017
24424951
17063081
12731687
47091741
13015833
24079387
45180268
50493020
14635255
50387386
24200232
21142562
38931560
22682108
46687429
19906268
26125373
26867307
56066303
27411713
14758238
14626498
29195955
36332470
19126631
54001122
40980765
45895602
33335611
17969984
19293208
47736048
44453301
17243137
19364386
28958941
46286128
21331437
21762796
37972967
13814499
19464857
15849798
22819948
26412633
16836506
37284893
15779068
12815320
17006563
17181666
28038473
11499799
35999163
27994406
34935916
22215222
20385734
14736945
20493014
20786775
18487552
37392132
36909862
28198863
32302194
21845352
22178073
33861922
22314930
55896804
49006935
16918119
47026877
55273808
55461520
22325284
46300857
15535921
34979589
17858143
14579180
14556026
44929812
55248582
25828828
26006906
22749413
32511250
21520190
16926148
46867548
32427725
19305753
16406823
14849721
22002548
22048009
21292212
26955742
45001214
13714943
29259250
21714867
18070589
37855347
42726135
28265800
12453612
17071789
40121257
14845326
51220578
27242849
21567117
19142567
20842917
53763756
43150230
12396793
18993498
42184193
29357510
24443340
56955150
15070053
49346120
19231512
34447186
40573369
21573889
23971977
29835780
10855828
26503820
16952630
34905488
13815780
19827600
15719970
14488066
36226170
56464783
47361087
43963081
29223997
26012284
37203637
39079083
33011881
21403015
35892586
50891528
24619880
26245778
25864362
15843411
33372275
12224056
17828225
11069646
53617919
17244524
25068148
28362254
22420804
39447571
40816113
21421498
59289367
22235537
40637066
58201990
36204240
39324689
54936798
13605938
19833267
40997413
19179402
16119239
31389116
26541020
24866176
18838673
49429995
29505931
27835932
24897017
26303798
10249879
50163632
14202695
9348371
18972158
23082459
50746507
19719417
9174803
51296372
33401625
12777930
24474740
21066756
37212881
28153735
21979611
24081387
21421544
7530970
30590825
17486637
20094789
20975577
57850667
36263376
46508996
16476242
31448969
23230358
17144538
37608862
32284807
22228031
48393177
52029938
36849269
23446462
34946679
11262128
31301713
23508597
22550642
56195125
30886196
16676233
24586440
19990186
53552328
28114198
33889708
14297987
59106397
56457082
50699729
57589344
55658711
18539954
41172151
20627951
24462130
35175539
23445779
23158292
47809808
42780414
18790153
34271805
47273410
56880032
32578087
12261722
13600626
19704788
54162607
15854978
25133367
22462622
34413807
30170216
27198638
16794078
25513852
13025450
14813307
11657663
18856112
19749101
20848167
34395484
19948290
14968868
30345117
18716232
50487341
23469657
34574240
20624490
40613609
16257569
31186593
38722295
43000158
30206800
28563620
21768107
24005789
29049713
36200124
14768859
16617283
35703159
49017857
30582461
15602198
31010546
26459817
38194545
38804321
11934730
28205488
34354282
21883201
52380161
41916482
33664439
56502072
30068744
20786524
40957632
28294649
11860507
48533926
42493867
24915744
18601961
19151316
10703275
43540965
20797881
21627427
14864025
35996073
15625647
12538830
36577077
16690324
40633676
58364316
61900690
18329974
37983576
41654028
35045975
19759930
42180575
26763747
17449298
58399327
15595410
30460650
20454645
20979245
62494399
40940121
53501629
34046719
27935869
29933142
60600056
34424561
56033276
30533608
16665524
29379598
21791068
37483576
15442307
34006448
42402476
16764374
40853193
16668969
13080295
33539290
19451102
49332003
28405325
15809150
20480122
35196448
24616579
26657787
43515029
18071300
20019258
28597954
23167572
18500862
24964540
23801683
26532260
36250444
24018891
21669917
61398933
27661517
35176764
22413925
17354726
40553817
22471913
63975738
25820880
54697069
21815978
19557919
33109717
24359681
26032319
42165684
36494451
25835638
20634294
23860331
55298449
49268350
25620265
64521660
22158507
7781373
57712334
62950814
18016439
38187406
37366846
21420787
24656024
15057087
39388716
27098190
48306831
34397252
13816902
13133237
16640623
37618935
21060775
36359949
22779664
50434528
56995445
41031610
60398716
29687014
22290455
19184609
34040795
35357580
23936735
5927768
13768377
57128934
22252617
48540490
29448404
46859581
13548413
15937116
56559947
28074122
20625254
43600945
16792446
65332915
12955422
35633616
35475308
49488597
49342402
42964236
32722106
53691159
17349398
24515791
28930467
30814234
33051941
24717778
22802271
25161329
20327440
15252143
14076545
49043380
30950493
43749031
19288253
33920125
17814815
10245659
17755991
48691542
38594251
28057333
57826633
13830445
13928816
51938246
23381261
26997344
20034813
21598565
53716674
34596472
33356746
13963927
17613945
31065638
32035099
25386539
23092414
32491079
42351028
43353388
26265734
36370396
40457869
30690137
62064804
57686815
20557822
45766275
7107320
18860150
48382391
32003143
17341824
35659706
61942483
23161192
15733207
30959602
16425049
39966311
13132538
19608423
36502608
19594930
13180266
22787469
23510988
17527246
38521843
41192262
30276556
29707923
16414962
20776478
26223553
40290472
24625997
36280516
25586241
32660215
49923460
19781577
56963708
37896343
37902725
18989095
40663203
21164808
45756980
45033688
38548717
34481553
47186901
27272227
20205870
51938544
44072725
63754529
16657745
42574722
34034055
53402727
27492063
34832876
44946736
31336350
21838774
17615494
63999120
25040669
26103482
26388234
23395407
24189564
21891797
44676605
66091862
34411687
32530935
25873676
16137271
18212201
52539346
62953563
43043427
23575980
19212400
38774942
27768574
22281278
39602066
27747202
47820342
38602245
29378341
13084085
50496997
47561162
18790464
52046333
31331124
35364629
30607230
32057297
24024680
20961830
27284526
33736129
46683413
48171971
25690369
56929787
58695563
32155314
23661030
18198109
41521510
21436067
30276038
36017527
10626560
43582321
54438571
24971850
35181047
50517305
64982717
45470112
50187414
31855024
47580650
36116856
38854832
20768300
34481202
24934268
23501880
16500428
57891249
63815463
26978417
62102362
36802312
25414134
28679908
43876148
20192942
26353198
36133555
27558317
42470928
39824295
32990969
20444904
23683092
61654570
52479781
38212716
19406879
53818693
30011377
22375596
65551770
16351097
31207688
47352434
49792819
19646373
31321979
29382284
21013455
26863551
33286075
20459578
31549935
39626659
42598880
40290500
50760259
33925505
40828336
27343493
27981818
47090327
33429199
34962273
66346207
57235202
32912074
20394710
17812783
31263189
22692479
50879327
33780348
5450747
47119793
26831010
20155476
21313244
34342954
21854404
24568242
22011712
28937803
22653632
38408916
24326616
22066511
31407240
42350259
16872304
23293834
58581044
14771627
35753830
32383831
16901426
35864039
24303352
42225367
24033352
25920336
38847510
26234978
26792075
21238449
25035023
25421155
37305100
67217244
43797773
56995813
13460874
38842546
48958948
50339973
29177040
28083559
13745575
38138605
44693421
54496854
30026378
17142560
49530140
53237347
34132931
36961948
37978442
27392882
23754516
13000192
55253956
25471741
47564948
15146011
28235176
59257633
60779141
32583068
21684308
13833721
24181465
65237571
12523683
21914159
47181124
45204368
45127585
23540222
49595929
40158206
56246515
21526894
32857545
27732837
8412972
29092813
26385359
62406260
16781464
48809129
29971020
14676825
63454131
19963406
26457558
23401365
61265416
61428220
19574563
15171078
27374861
52930822
16806731
22040364
23294640
67477218
22435046
26715268
38780635
38639155
36474072
24259441
32626450
48586749
29681107
47537798
23667745
8975612
25346309
19716373
26614431
53042515
56014269
35607887
23529404
40231913
59031205
23070289
24557503
13760694
20473871
26492598
16332344
23310598
35658332
18997163
62005408
21168999
43075371
44111540
31251506
22510941
51904053
22385676
30808107
70108202
17881365
40226007
67388335
34317125
62858574
53417960
25956561
29123816
57142239
43451255
63032893
34168577
33255858
36218265
14661488
46767243
23462644
27422237
8695977
14925854
27386969
28711713
24544020
22246516
22924748
28512758
32649015
22641159
62928324
34026957
31489525
26712119
19876478
46587113
45600563
20756570
25203274
24495483
32490391
28145942
32649887
66021257
47077711
26192813
48490297
32654832
18142026
63504877
18176149
68862591
15100702
23803010
60009553
23294896
25965793
19835030
58436701
17469661
24602133
58279810
19019090
26539092
48018716
28656269
16437248
37961557
73054538
43820535
42311925
19559147
47129132
40557953
36290541
57840391
29445704
36568465
49669446
66078848
14836710
37195321
28240919
21299213
72890247
20166084
20374402
35105854
21854325
33630064
29780516
37184606
22748619
36682644
31852803
26731592
36563483
26541253
59606941
25793750
42053428
21881232
33819078
46476840
56519706
25456179
50595262
29771420
23151170
16422100
50602811
29110970
24374756
46236628
13385278
22738092
63733217
40597762
36574345
57641098
35241327
48546901
24282791
72068294
30219682
15604517
28141800
24473079
20879603
37602267
22485616
24279234
14625234
19892415
41808728
52141559
53390762
43174312
16376609
55196602
40731100
25917011
26033755
54150987
18861359
61407277
64178542
62941752
27195347
44141199
22420048
60279845
25950485
28156903
27014509
28982603
21776678
26759401
33765559
48514222
24465424
30207978
40830151
31616449
50128860
37655293
37824299
48245069
56722274
15753155
48211128
21818662
32727868
37662022
72294707
20849397
38865978
34931972
30608113
46351280
56678460
38901444
45315079
42198727
37347374
29523933
52136038
28932001
26237029
53477057
30527399
34747292
26094485
55724521
45397359
71790106
18067592
42029838
54344222
63928920
68912221
16586957
14408342
45707380
64239488
43176453
71571007
37038230
16590199
22931601
25972723
69534387
64553500
22126346
41231645
38068876
68613714
50544267
44555325
34538731
49975930
44285477
22405296
53132002
45318678
25299843
23593983
19474578
34289500
28904629
16806874
21574490
53338548
41379140
36890941
26998508
49212125
47253586
15121689
61456052
20725266
24564317
64354536
52605004
36059284
42792743
22162890
17993668
50446840
27218422
35749333
25224221
17762171
57456162
28735603
51496555
15252592
71682069
20520195
46777133
43885773
24207270
67524264
31781972
20200124
62157088
20927508
67781258
71428672
25329799
33659111
37574435
63846165
14464974
68256739
65912091
21333381
39020178
44728166
73764501
53648540
31628404
24059840
37485406
23809107
23659007
36136116
17155315
69237765
25254835
54595634
30627730
23317808
17352564
43868190
58898798
25969878
69610425
8323722
26958354
51681237
30505404
57312100
47084422
45980652
62257010
29469876
63219906
20381392
59392716
23526501
45824992
30929871
25337109
34852554
25653987
29727883
28346455
19957677
55197269
25167678
21873052
29040862
36447196
54579347
60834682
26856776
38377973
32639787
28009063
33430743
73851249
41610147
20338267
21990551
34885934
48465196
60118049
23410438
13951598
39326795
45720321
37638399
15010058
38177060
22360106
57949389
49217690
22189160
58854511
66789640
41482374
75424131
32192622
60593474
43941685
38971647
69890773
33548766
37485414
57730957
45281879
24040468
45220490
43867801
41963278
15700972
27651362
70335869
24882633
26647401
53187058
24678103
19648371
27435813
54895402
11167721
14053908
42908462
66600116
18102505
52161784
57063417
64635984
62659315
16543901
20080950
41050318
33108183
22843418
74870171
38967861
15206982
20073934
51157985
27594082
58441648
56668710
63433425
58634940
23871025
23966590
19268171
22205667
45504230
30524947
11914661
60482909
61717242
43199650
62561738
41152057
25982381
25909485
32266717
27152411
21316676
27731400
68328445
63856716
68634662
51783326
46326898
16636540
32693395
77211905
18589634
69532116
8823657
20772622
20588673
26575345
53982567
34960346
42946604
73425404
63932726
58461222
45134734
44578292
28991216
62871830
33065753
26076606
37049009
36468121
33645475
53263588
42965795
22232150
47012670
24873339
68399403
51324068
46031584
42318757
22044442
30324207
68360146
55182261
7862523
25418992
38927346
49461960
24848780
16397469
18115707
33721118
24057280
54538046
26298670
47452445
22028348
15453930
67915519
20487369
28426134
28320978
37713948
19982484
68681127
29660831
27249672
72121916
25472539
69577648
34875399
22805520
34623792
46842862
64240997
70652843
25921639
32847456
25280013
39312427
30299322
37678332
46257075
24114970
19607840
23024027
31786548
57034130
31396008
20034805
75910544
32903402
25322904
20334970
64290488
34792848
70047142
48434244
43939637
46195098
37021333
73995613
64101693
34089073
47357279
31910400
59207134
19818662
70136620
24186564
8343494
56447048
21519047
48492726
64880309
16787447
34601158
13253474
72213370
74509971
57600724
41371807
24661088
59030427
42601438
22456641
34788838
37234093
75810285
21000358
39459625
36401956
42155646
40337503
16572010
51189955
25984698
74581717
47517966
41259117
39694784
49555250
35397225
23165490
19758801
64019227
34971855
25529315
67324371
38673848
27594582
78321153
16237494
32415690
80035481
49123321
31453765
57988385
45045020
35827465
66809163
47840140
34124766
44013561
21082293
47545144
71759409
16514828
11249674
78757797
55304763
25860441
21620636
82351848
16135981
52048038
75370356
72505780
60191972
40263312
47236342
16127674
51682515
40441698
65516748
46140070
36133024
18340618
70402703
42125591
28402269
31509237
38147564
77250972
31494927
43691954
74262356
49032977
42216293
32449622
37553631
19410278
8022096
63106077
30689823
20315834
29616168
30465093
35854463
31507973
17329395
24290840
34877234
36469326
41450505
45331474
45858759
32568708
21892930
22932966
29974112
44379419
25989502
22893804
32466069
81029310
30899788
77163248
43208617
37255374
51025005
74871811
41017020
32923519
27029340
60926686
52484796
41965267
32376543
26018836
80269698
25168127
65921859
22531555
43558691
30769276
48012419
38290590
73367069
47384265
38439163
29732796
32417470
27843902
78017372
36623507
24045382
48662894
74026370
38250632
5829276
16441547
17464147
70121937
16071645
38318614
21754734
64401646
33843698
13693398
30758866
24129507
29264013
39440509
29096531
35884779
66623769
35586771
73986173
16002139
82413081
24495172
30662100
42852764
35535023
31448177
24912583
44306423
38255908
33465511
41119822
25835844
8978446
28682255
44264888
62964013
17382750
45644440
31897828
31203301
27835804
43540225
22352787
82258582
67629347
38190786
14691876
20267704
28547276
40833276
29029748
38000825
15051230
44941611
24763443
50017320
51502103
87912558
43464557
18450323
41661819
18249089
48277373
44425299
34820900
20732910
62414281
47947135
47204494
26603099
27775797
57518770
29778294
55641735
83850668
26859610
41473356
29587119
17145625
20088443
50277181
20944357
78146722
34134078
34270159
28449823
31285514
68909955
47692890
27039672
71025010
25778827
33406213
42342456
40212382
71322777
17358747
37686911
67235006
52657005
84570746
35117809
15030243
33347716
46349296
57918056
78731042
60451392
27796456
36874321
20619388
53444826
30536014
24374035
20354164
50448154
9478567
76622034
45166573
30077742
39198783
25593508
31975658
27517731
40137929
43164867
43319875
23266744
61065606
24998014
26964867
19091974
26065291
77755782
47016544
62853450
18763700
46296100
18641918
34651696
71021892
39689008
33420306
71395695
34288683
36791223
40160073
48111990
41404004
20606689
44468471
14517394
35023506
17433143
23382987
59057430
48751949
23020213
66353849
69595784
35849182
43105710
20979363
35855088
31189456
24103405
37584437
50866275
23921639
25888332
54110945
44905998
53016613
30605730
22117204
89256078
39952795
34201311
61841666
51011355
63145711
33751337
26883864
37522556
88431782
19312873
73513470
9306321
24169308
59905588
23498782
36508916
60079968
55972269
34117392
79126133
35444477
18104603
56875761
87339892
60110878
45266738
40979100
22300375
50848774
38942627
59838605
39817297
44210564
68595462
24758471
7407881
45987635
40498654
87282951
82148434
52227097
29554061
78981118
77281681
15653800
40620411
60809367
74981375
76504302
36680578
32563145
31314829
28364055
50123217
57821526
28577163
78781553
67921704
79968145
39688307
45608142
28658589
73603314
43532354
30526303
68901445
34148208
58097969
43494897
28484372
20287395
84749365
83819181
31878420
32894799
30156097
58406460
39329957
41106012
32072609
39089477
68401617
64116369
80235176
70667660
51134160
23009516
35921148
37540111
25901911
10009397
69625804
20748686
54772863
45435499
38048194
26847283
80997415
27796777
41793964
20897673
81564781
51340656
26848511
82775029
73828577
30137690
30900406
20115337
58778938
42393440
35420083
74382759
8152894
59016253
31272480
29378225
55946001
54296553
33975302
23786622
17658234
30833276
19259661
50529310
35314807
59563311
20552795
30695499
43392181
15816669
34566591
62939972
77141855
28675848
31082080
74447290
78828280
12730490
32135156
39199858
37533971
18498054
30477685
35703505
35305557
29743153
29257930
27024308
64302670
50912890
29036488
48693969
88219127
24974939
91812589
25194458
38952070
59162987
29365040
67081428
39420876
43956159
39671987
44641007
70166872
68215227
90929620
23118517
10743707
40840865
71761229
79566510
29477187
30647020
67133158
56393139
32127511
33357486
32747191
24651670
81764769
19414426
52665573
50242520
35491849
20535751
32214397
47606131
53970872
29585657
28081520
64764874
43546286
27302193
80256365
35502778
63805388
38880274
90511957
29377977
30109920
60354310
43996048
32821559
64952448
38971491
41720975
34550658
27819730
69361770
31719035
70440713
35092922
31715462
31047313
58391139
85996675
38724236
24801476
27628404
93514700
38736528
43377056
39792542
56582951
54297150
56570588
58349252
34274911
72123826
25166057
24950789
29009732
33991330
51426069
31050607
39994745
31729260
52885332
61513120
33187675
23488363
37234539
17712111
71083596
20168154
43780529
66833899
28773170
51863429
90525348
51554679
45443203
81424775
55086065
33635519
46157952
31288732
45862603
37986248
59668830
24200019
34397308
39567828
78566946
81548154
23683906
52982818
67360365
32128099
43636590
25869545
50399758
52809328
29711653
78728239
75324439
57809778
44736077
68519469
47025208
29001341
64333430
65979957
40222865
46994390
76123539
21733796
64762684
30918750
51941592
28041907
31473441
78604123
57868653
93764336
44758945
32549616
24752220
25400562
86168623
68030951
21414644
80306447
35212152
36046829
45528730
31613955
27361494
88131554
35277594
31285993
85096865
44386383
56950128
27162270
87122681
67184297
87556211
29461633
77179056
23440442
63597584
38412016
24104186
33003116
73168341
12819968
32186451
41020748
34231637
42424544
19336085
61552926
22719457
36218007
28685164
46117918
33775471
33787250
39768099
60047843
30435935
48918403
29270230
43831413
90619741
19720655
70160817
95755500
80860018
59613546
85988056
13728909
27582439
54376457
31942602
19518384
29940618
24844786
40740299
60130330
82475967
71824831
45922018
73502431
22313294
28438139
51798765
43375771
30630843
79810607
22066537
38791749
25246242
35343888
27469714
41287731
26441912
97282876
74365773
90317475
25407700
31818474
46984424
41995844
34980116
53535186
47975115
25435900
48228918
48158744
80988804
81603822
78250421
50386963
44347754
54024899
57476650
62592300
95901030
46506957
61101012
28646662
30372156
29073687
69913172
41695687
25119302
53780721
81990903
61446871
37653541
72774456
67006575
37638497
93743044
68180373
36621647
37105735
45502255
24349871
49537414
94011818
22753320
86966504
70901105
44864935
56729861
93701248
38077918
59113711
62231419
32118170
79902140
42743540
35182967
68883491
40628757
23568529
42527222
61859367
54055074
26145498
98510007
40589199
57195278
31860090
